<?xml version="1.0" encoding="UTF-8"?>
<!-- Generated by org.testng.reporters.JUnitXMLReporter -->
<testsuite ignored="0" hostname="LAPTOP-RC74DKRT" failures="0" tests="6" name="Default test" time="10.258" errors="0" timestamp="2024-02-09T13:07:38 IST">
  <testcase classname="api.test.DDTests" name="testPostUser" time="2.804"/>
  <testcase classname="api.test.DDTests" name="testPostUser" time="1.155"/>
  <testcase classname="api.test.DDTests" name="testPostUser" time="1.136"/>
  <testcase classname="api.test.DDTests" name="testDeleteUserByUserName" time="1.44"/>
  <testcase classname="api.test.DDTests" name="testDeleteUserByUserName" time="1.379"/>
  <testcase classname="api.test.DDTests" name="testDeleteUserByUserName" time="1.151"/>
</testsuite> <!-- Default test -->
