<?xml version="1.0" encoding="UTF-8"?>
<testng-results ignored="0" total="4" passed="4" failed="0" skipped="0">
  <reporter-output>
  </reporter-output>
  <suite started-at="2024-02-09T20:16:43 IST" name="PetSuite" finished-at="2024-02-09T20:16:54 IST" duration-ms="10388">
    <groups>
    </groups>
    <test started-at="2024-02-09T20:16:43 IST" name="PetTests" finished-at="2024-02-09T20:16:54 IST" duration-ms="10388">
      <class name="api.test.UserTests">
        <test-method is-config="true" signature="setUpData()[pri:0, instance:api.test.UserTests@38d8f54a]" started-at="2024-02-09T20:16:43 IST" name="setUpData" finished-at="2024-02-09T20:16:44 IST" duration-ms="200" status="PASS">
          <reporter-output>
          </reporter-output>
        </test-method> <!-- setUpData -->
        <test-method signature="postUser()[pri:1, instance:api.test.UserTests@38d8f54a]" started-at="2024-02-09T20:16:44 IST" name="postUser" finished-at="2024-02-09T20:16:47 IST" duration-ms="3504" status="PASS">
          <reporter-output>
          </reporter-output>
        </test-method> <!-- postUser -->
        <test-method signature="getUser()[pri:2, instance:api.test.UserTests@38d8f54a]" started-at="2024-02-09T20:16:47 IST" name="getUser" finished-at="2024-02-09T20:16:48 IST" duration-ms="1177" status="PASS">
          <reporter-output>
          </reporter-output>
        </test-method> <!-- getUser -->
        <test-method signature="updateUser()[pri:3, instance:api.test.UserTests@38d8f54a]" started-at="2024-02-09T20:16:48 IST" name="updateUser" finished-at="2024-02-09T20:16:51 IST" duration-ms="2556" status="PASS">
          <reporter-output>
          </reporter-output>
        </test-method> <!-- updateUser -->
        <test-method signature="deleteUser()[pri:4, instance:api.test.UserTests@38d8f54a]" started-at="2024-02-09T20:16:51 IST" name="deleteUser" finished-at="2024-02-09T20:16:54 IST" duration-ms="2644" status="PASS">
          <reporter-output>
          </reporter-output>
        </test-method> <!-- deleteUser -->
      </class> <!-- api.test.UserTests -->
    </test> <!-- PetTests -->
  </suite> <!-- PetSuite -->
</testng-results>
