<?xml version="1.0" encoding="UTF-8"?>
<!-- Generated by org.testng.reporters.JUnitXMLReporter -->
<testsuite ignored="0" hostname="LAPTOP-RC74DKRT" failures="0" tests="4" name="PetTests" time="10.388" errors="0" timestamp="2024-02-09T20:16:54 IST">
  <testcase classname="api.test.UserTests" name="postUser" time="3.504"/>
  <testcase classname="api.test.UserTests" name="getUser" time="1.177"/>
  <testcase classname="api.test.UserTests" name="updateUser" time="2.556"/>
  <testcase classname="api.test.UserTests" name="deleteUser" time="2.644"/>
</testsuite> <!-- PetTests -->
